{"C:\\Users\\eeeeeeeeeeeeeeeeeeee\\Desktop\\esmael\\To-do-list\\src\\clearAll.js": {"path":"C:\\Users\\eeeeeeeeeeeeeeeeeeee\\Desktop\\esmael\\To-do-list\\src\\clearAll.js","statementMap":{"0":{"start":{"line":2,"column":17},"end":{"line":2,"column":55}},"1":{"start":{"line":2,"column":33},"end":{"line":2,"column":54}},"2":{"start":{"line":3,"column":4},"end":{"line":5,"column":5}},"3":{"start":{"line":4,"column":6},"end":{"line":4,"column":39}},"4":{"start":{"line":6,"column":4},"end":{"line":6,"column":17}},"5":{"start":{"line":10,"column":25},"end":{"line":10,"column":62}},"6":{"start":{"line":10,"column":46},"end":{"line":10,"column":61}},"7":{"start":{"line":11,"column":4},"end":{"line":11,"column":24}}},"fnMap":{"0":{"name":"toggleTaskCompletion","decl":{"start":{"line":1,"column":16},"end":{"line":1,"column":36}},"loc":{"start":{"line":1,"column":55},"end":{"line":7,"column":3}},"line":1},"1":{"name":"(anonymous_1)","decl":{"start":{"line":2,"column":28},"end":{"line":2,"column":29}},"loc":{"start":{"line":2,"column":33},"end":{"line":2,"column":54}},"line":2},"2":{"name":"clearCompletedTasks","decl":{"start":{"line":9,"column":18},"end":{"line":9,"column":37}},"loc":{"start":{"line":9,"column":45},"end":{"line":12,"column":3}},"line":9},"3":{"name":"(anonymous_3)","decl":{"start":{"line":10,"column":38},"end":{"line":10,"column":39}},"loc":{"start":{"line":10,"column":46},"end":{"line":10,"column":61}},"line":10}},"branchMap":{"0":{"loc":{"start":{"line":3,"column":4},"end":{"line":5,"column":5}},"type":"if","locations":[{"start":{"line":3,"column":4},"end":{"line":5,"column":5}},{"start":{},"end":{}}],"line":3}},"s":{"0":0,"1":0,"2":0,"3":0,"4":0,"5":0,"6":0,"7":0},"f":{"0":0,"1":0,"2":0,"3":0},"b":{"0":[0,0]},"_coverageSchema":"1a1c01bbd47fc00a2c39e90264f33305004495a9","hash":"310d7e341bfeb8eee4bd3be8ab0be4c7fdfbf54f"}
,"C:\\Users\\eeeeeeeeeeeeeeeeeeee\\Desktop\\esmael\\To-do-list\\src\\drag&Drop.js": {"path":"C:\\Users\\eeeeeeeeeeeeeeeeeeee\\Desktop\\esmael\\To-do-list\\src\\drag&Drop.js","statementMap":{"0":{"start":{"line":3,"column":27},"end":{"line":3,"column":31}},"1":{"start":{"line":4,"column":4},"end":{"line":9,"column":7}},"2":{"start":{"line":5,"column":6},"end":{"line":8,"column":7}},"3":{"start":{"line":6,"column":8},"end":{"line":6,"column":73}},"4":{"start":{"line":7,"column":8},"end":{"line":7,"column":39}},"5":{"start":{"line":11,"column":4},"end":{"line":17,"column":7}},"6":{"start":{"line":12,"column":6},"end":{"line":12,"column":25}},"7":{"start":{"line":13,"column":31},"end":{"line":13,"column":61}},"8":{"start":{"line":14,"column":6},"end":{"line":16,"column":7}},"9":{"start":{"line":15,"column":8},"end":{"line":15,"column":60}},"10":{"start":{"line":20,"column":4},"end":{"line":58,"column":7}},"11":{"start":{"line":21,"column":6},"end":{"line":21,"column":25}},"12":{"start":{"line":23,"column":31},"end":{"line":23,"column":61}},"13":{"start":{"line":24,"column":6},"end":{"line":49,"column":7}},"14":{"start":{"line":25,"column":28},"end":{"line":25,"column":81}},"15":{"start":{"line":27,"column":8},"end":{"line":48,"column":9}},"16":{"start":{"line":29,"column":30},"end":{"line":29,"column":75}},"17":{"start":{"line":29,"column":46},"end":{"line":29,"column":74}},"18":{"start":{"line":30,"column":29},"end":{"line":30,"column":69}},"19":{"start":{"line":30,"column":45},"end":{"line":30,"column":68}},"20":{"start":{"line":32,"column":38},"end":{"line":32,"column":64}},"21":{"start":{"line":33,"column":37},"end":{"line":33,"column":62}},"22":{"start":{"line":35,"column":10},"end":{"line":35,"column":47}},"23":{"start":{"line":38,"column":10},"end":{"line":38,"column":59}},"24":{"start":{"line":41,"column":10},"end":{"line":43,"column":13}},"25":{"start":{"line":42,"column":12},"end":{"line":42,"column":35}},"26":{"start":{"line":46,"column":10},"end":{"line":46,"column":27}},"27":{"start":{"line":47,"column":10},"end":{"line":47,"column":29}},"28":{"start":{"line":51,"column":6},"end":{"line":53,"column":7}},"29":{"start":{"line":52,"column":8},"end":{"line":52,"column":46}},"30":{"start":{"line":54,"column":26},"end":{"line":54,"column":86}},"31":{"start":{"line":55,"column":6},"end":{"line":57,"column":7}},"32":{"start":{"line":56,"column":8},"end":{"line":56,"column":39}}},"fnMap":{"0":{"name":"addDragAndDropEvents","decl":{"start":{"line":1,"column":16},"end":{"line":1,"column":36}},"loc":{"start":{"line":1,"column":87},"end":{"line":59,"column":3}},"line":1},"1":{"name":"(anonymous_1)","decl":{"start":{"line":4,"column":52},"end":{"line":4,"column":53}},"loc":{"start":{"line":4,"column":59},"end":{"line":9,"column":5}},"line":4},"2":{"name":"(anonymous_2)","decl":{"start":{"line":11,"column":51},"end":{"line":11,"column":52}},"loc":{"start":{"line":11,"column":58},"end":{"line":17,"column":5}},"line":11},"3":{"name":"(anonymous_3)","decl":{"start":{"line":20,"column":47},"end":{"line":20,"column":48}},"loc":{"start":{"line":20,"column":54},"end":{"line":58,"column":5}},"line":20},"4":{"name":"(anonymous_4)","decl":{"start":{"line":29,"column":41},"end":{"line":29,"column":42}},"loc":{"start":{"line":29,"column":46},"end":{"line":29,"column":74}},"line":29},"5":{"name":"(anonymous_5)","decl":{"start":{"line":30,"column":40},"end":{"line":30,"column":41}},"loc":{"start":{"line":30,"column":45},"end":{"line":30,"column":68}},"line":30},"6":{"name":"(anonymous_6)","decl":{"start":{"line":41,"column":24},"end":{"line":41,"column":25}},"loc":{"start":{"line":41,"column":41},"end":{"line":43,"column":11}},"line":41}},"branchMap":{"0":{"loc":{"start":{"line":5,"column":6},"end":{"line":8,"column":7}},"type":"if","locations":[{"start":{"line":5,"column":6},"end":{"line":8,"column":7}},{"start":{},"end":{}}],"line":5},"1":{"loc":{"start":{"line":14,"column":6},"end":{"line":16,"column":7}},"type":"if","locations":[{"start":{"line":14,"column":6},"end":{"line":16,"column":7}},{"start":{},"end":{}}],"line":14},"2":{"loc":{"start":{"line":14,"column":10},"end":{"line":14,"column":59}},"type":"binary-expr","locations":[{"start":{"line":14,"column":10},"end":{"line":14,"column":26}},{"start":{"line":14,"column":30},"end":{"line":14,"column":59}}],"line":14},"3":{"loc":{"start":{"line":24,"column":6},"end":{"line":49,"column":7}},"type":"if","locations":[{"start":{"line":24,"column":6},"end":{"line":49,"column":7}},{"start":{},"end":{}}],"line":24},"4":{"loc":{"start":{"line":24,"column":10},"end":{"line":24,"column":55}},"type":"binary-expr","locations":[{"start":{"line":24,"column":10},"end":{"line":24,"column":26}},{"start":{"line":24,"column":30},"end":{"line":24,"column":55}}],"line":24},"5":{"loc":{"start":{"line":27,"column":8},"end":{"line":48,"column":9}},"type":"if","locations":[{"start":{"line":27,"column":8},"end":{"line":48,"column":9}},{"start":{},"end":{}}],"line":27},"6":{"loc":{"start":{"line":51,"column":6},"end":{"line":53,"column":7}},"type":"if","locations":[{"start":{"line":51,"column":6},"end":{"line":53,"column":7}},{"start":{},"end":{}}],"line":51},"7":{"loc":{"start":{"line":55,"column":6},"end":{"line":57,"column":7}},"type":"if","locations":[{"start":{"line":55,"column":6},"end":{"line":57,"column":7}},{"start":{},"end":{}}],"line":55}},"s":{"0":5,"1":5,"2":0,"3":0,"4":0,"5":5,"6":0,"7":0,"8":0,"9":0,"10":5,"11":0,"12":0,"13":0,"14":0,"15":0,"16":0,"17":0,"18":0,"19":0,"20":0,"21":0,"22":0,"23":0,"24":0,"25":0,"26":0,"27":0,"28":0,"29":0,"30":0,"31":0,"32":0},"f":{"0":5,"1":0,"2":0,"3":0,"4":0,"5":0,"6":0},"b":{"0":[0,0],"1":[0,0],"2":[0,0],"3":[0,0],"4":[0,0],"5":[0,0],"6":[0,0],"7":[0,0]},"_coverageSchema":"1a1c01bbd47fc00a2c39e90264f33305004495a9","hash":"3edaaa83c54e032684ed18708f71bb6d4b61ddb9"}
,"C:\\Users\\eeeeeeeeeeeeeeeeeeee\\Desktop\\esmael\\To-do-list\\src\\index.js": {"path":"C:\\Users\\eeeeeeeeeeeeeeeeeeee\\Desktop\\esmael\\To-do-list\\src\\index.js","statementMap":{"0":{"start":{"line":5,"column":12},"end":{"line":5,"column":59}},"1":{"start":{"line":8,"column":28},"end":{"line":8,"column":64}},"2":{"start":{"line":9,"column":2},"end":{"line":9,"column":35}},"3":{"start":{"line":11,"column":2},"end":{"line":11,"column":42}},"4":{"start":{"line":11,"column":23},"end":{"line":11,"column":40}},"5":{"start":{"line":13,"column":2},"end":{"line":48,"column":5}},"6":{"start":{"line":14,"column":21},"end":{"line":14,"column":49}},"7":{"start":{"line":15,"column":4},"end":{"line":15,"column":40}},"8":{"start":{"line":16,"column":4},"end":{"line":16,"column":52}},"9":{"start":{"line":17,"column":4},"end":{"line":17,"column":45}},"10":{"start":{"line":19,"column":21},"end":{"line":19,"column":52}},"11":{"start":{"line":20,"column":4},"end":{"line":20,"column":31}},"12":{"start":{"line":21,"column":4},"end":{"line":21,"column":38}},"13":{"start":{"line":22,"column":4},"end":{"line":26,"column":7}},"14":{"start":{"line":23,"column":6},"end":{"line":23,"column":54}},"15":{"start":{"line":24,"column":6},"end":{"line":24,"column":18}},"16":{"start":{"line":25,"column":6},"end":{"line":25,"column":20}},"17":{"start":{"line":28,"column":28},"end":{"line":28,"column":58}},"18":{"start":{"line":29,"column":4},"end":{"line":29,"column":51}},"19":{"start":{"line":31,"column":4},"end":{"line":34,"column":5}},"20":{"start":{"line":32,"column":6},"end":{"line":32,"column":60}},"21":{"start":{"line":33,"column":6},"end":{"line":33,"column":46}},"22":{"start":{"line":36,"column":4},"end":{"line":36,"column":88}},"23":{"start":{"line":36,"column":55},"end":{"line":36,"column":86}},"24":{"start":{"line":38,"column":25},"end":{"line":38,"column":57}},"25":{"start":{"line":39,"column":4},"end":{"line":39,"column":40}},"26":{"start":{"line":40,"column":4},"end":{"line":40,"column":45}},"27":{"start":{"line":41,"column":4},"end":{"line":41,"column":73}},"28":{"start":{"line":41,"column":49},"end":{"line":41,"column":71}},"29":{"start":{"line":43,"column":4},"end":{"line":43,"column":35}},"30":{"start":{"line":44,"column":4},"end":{"line":44,"column":42}},"31":{"start":{"line":45,"column":4},"end":{"line":45,"column":39}},"32":{"start":{"line":47,"column":4},"end":{"line":47,"column":44}},"33":{"start":{"line":50,"column":2},"end":{"line":50,"column":73}},"34":{"start":{"line":54,"column":18},"end":{"line":58,"column":3}},"35":{"start":{"line":60,"column":2},"end":{"line":60,"column":22}},"36":{"start":{"line":61,"column":2},"end":{"line":61,"column":14}},"37":{"start":{"line":62,"column":2},"end":{"line":62,"column":16}},"38":{"start":{"line":66,"column":2},"end":{"line":66,"column":57}},"39":{"start":{"line":66,"column":31},"end":{"line":66,"column":55}},"40":{"start":{"line":68,"column":2},"end":{"line":70,"column":5}},"41":{"start":{"line":69,"column":4},"end":{"line":69,"column":25}},"42":{"start":{"line":72,"column":2},"end":{"line":72,"column":14}},"43":{"start":{"line":73,"column":2},"end":{"line":73,"column":16}},"44":{"start":{"line":77,"column":15},"end":{"line":77,"column":53}},"45":{"start":{"line":77,"column":31},"end":{"line":77,"column":52}},"46":{"start":{"line":78,"column":25},"end":{"line":78,"column":75}},"47":{"start":{"line":79,"column":2},"end":{"line":83,"column":3}},"48":{"start":{"line":80,"column":4},"end":{"line":80,"column":38}},"49":{"start":{"line":81,"column":4},"end":{"line":81,"column":16}},"50":{"start":{"line":82,"column":4},"end":{"line":82,"column":18}},"51":{"start":{"line":87,"column":2},"end":{"line":87,"column":55}},"52":{"start":{"line":91,"column":20},"end":{"line":91,"column":54}},"53":{"start":{"line":92,"column":21},"end":{"line":92,"column":53}},"54":{"start":{"line":94,"column":2},"end":{"line":102,"column":3}},"55":{"start":{"line":95,"column":4},"end":{"line":101,"column":7}},"56":{"start":{"line":96,"column":30},"end":{"line":96,"column":53}},"57":{"start":{"line":97,"column":6},"end":{"line":100,"column":7}},"58":{"start":{"line":98,"column":8},"end":{"line":98,"column":33}},"59":{"start":{"line":99,"column":8},"end":{"line":99,"column":30}},"60":{"start":{"line":104,"column":22},"end":{"line":104,"column":58}},"61":{"start":{"line":105,"column":2},"end":{"line":111,"column":3}},"62":{"start":{"line":106,"column":4},"end":{"line":110,"column":7}},"63":{"start":{"line":107,"column":6},"end":{"line":107,"column":41}},"64":{"start":{"line":108,"column":6},"end":{"line":108,"column":18}},"65":{"start":{"line":109,"column":6},"end":{"line":109,"column":20}},"66":{"start":{"line":114,"column":0},"end":{"line":117,"column":3}},"67":{"start":{"line":115,"column":2},"end":{"line":115,"column":24}},"68":{"start":{"line":116,"column":2},"end":{"line":116,"column":16}}},"fnMap":{"0":{"name":"renderTasks","decl":{"start":{"line":7,"column":16},"end":{"line":7,"column":27}},"loc":{"start":{"line":7,"column":30},"end":{"line":51,"column":1}},"line":7},"1":{"name":"(anonymous_1)","decl":{"start":{"line":11,"column":13},"end":{"line":11,"column":14}},"loc":{"start":{"line":11,"column":23},"end":{"line":11,"column":40}},"line":11},"2":{"name":"(anonymous_2)","decl":{"start":{"line":13,"column":16},"end":{"line":13,"column":17}},"loc":{"start":{"line":13,"column":26},"end":{"line":48,"column":3}},"line":13},"3":{"name":"(anonymous_3)","decl":{"start":{"line":22,"column":40},"end":{"line":22,"column":41}},"loc":{"start":{"line":22,"column":46},"end":{"line":26,"column":5}},"line":22},"4":{"name":"(anonymous_4)","decl":{"start":{"line":36,"column":49},"end":{"line":36,"column":50}},"loc":{"start":{"line":36,"column":55},"end":{"line":36,"column":86}},"line":36},"5":{"name":"(anonymous_5)","decl":{"start":{"line":41,"column":43},"end":{"line":41,"column":44}},"loc":{"start":{"line":41,"column":49},"end":{"line":41,"column":71}},"line":41},"6":{"name":"addTask","decl":{"start":{"line":53,"column":16},"end":{"line":53,"column":23}},"loc":{"start":{"line":53,"column":37},"end":{"line":63,"column":1}},"line":53},"7":{"name":"deleteTask","decl":{"start":{"line":65,"column":16},"end":{"line":65,"column":26}},"loc":{"start":{"line":65,"column":38},"end":{"line":74,"column":1}},"line":65},"8":{"name":"(anonymous_8)","decl":{"start":{"line":66,"column":23},"end":{"line":66,"column":24}},"loc":{"start":{"line":66,"column":31},"end":{"line":66,"column":55}},"line":66},"9":{"name":"(anonymous_9)","decl":{"start":{"line":68,"column":16},"end":{"line":68,"column":17}},"loc":{"start":{"line":68,"column":31},"end":{"line":70,"column":3}},"line":68},"10":{"name":"editTaskDescription","decl":{"start":{"line":76,"column":16},"end":{"line":76,"column":35}},"loc":{"start":{"line":76,"column":47},"end":{"line":84,"column":1}},"line":76},"11":{"name":"(anonymous_11)","decl":{"start":{"line":77,"column":26},"end":{"line":77,"column":27}},"loc":{"start":{"line":77,"column":31},"end":{"line":77,"column":52}},"line":77},"12":{"name":"saveTasks","decl":{"start":{"line":86,"column":9},"end":{"line":86,"column":18}},"loc":{"start":{"line":86,"column":21},"end":{"line":88,"column":1}},"line":86},"13":{"name":"setupEventListeners","decl":{"start":{"line":90,"column":16},"end":{"line":90,"column":35}},"loc":{"start":{"line":90,"column":38},"end":{"line":112,"column":1}},"line":90},"14":{"name":"(anonymous_14)","decl":{"start":{"line":95,"column":40},"end":{"line":95,"column":41}},"loc":{"start":{"line":95,"column":46},"end":{"line":101,"column":5}},"line":95},"15":{"name":"(anonymous_15)","decl":{"start":{"line":106,"column":42},"end":{"line":106,"column":43}},"loc":{"start":{"line":106,"column":48},"end":{"line":110,"column":5}},"line":106},"16":{"name":"(anonymous_16)","decl":{"start":{"line":114,"column":46},"end":{"line":114,"column":47}},"loc":{"start":{"line":114,"column":52},"end":{"line":117,"column":1}},"line":114}},"branchMap":{"0":{"loc":{"start":{"line":5,"column":12},"end":{"line":5,"column":59}},"type":"binary-expr","locations":[{"start":{"line":5,"column":12},"end":{"line":5,"column":53}},{"start":{"line":5,"column":57},"end":{"line":5,"column":59}}],"line":5},"1":{"loc":{"start":{"line":31,"column":4},"end":{"line":34,"column":5}},"type":"if","locations":[{"start":{"line":31,"column":4},"end":{"line":34,"column":5}},{"start":{},"end":{}}],"line":31},"2":{"loc":{"start":{"line":79,"column":2},"end":{"line":83,"column":3}},"type":"if","locations":[{"start":{"line":79,"column":2},"end":{"line":83,"column":3}},{"start":{},"end":{}}],"line":79},"3":{"loc":{"start":{"line":94,"column":2},"end":{"line":102,"column":3}},"type":"if","locations":[{"start":{"line":94,"column":2},"end":{"line":102,"column":3}},{"start":{},"end":{}}],"line":94},"4":{"loc":{"start":{"line":97,"column":6},"end":{"line":100,"column":7}},"type":"if","locations":[{"start":{"line":97,"column":6},"end":{"line":100,"column":7}},{"start":{},"end":{}}],"line":97},"5":{"loc":{"start":{"line":105,"column":2},"end":{"line":111,"column":3}},"type":"if","locations":[{"start":{"line":105,"column":2},"end":{"line":111,"column":3}},{"start":{},"end":{}}],"line":105}},"s":{"0":1,"1":5,"2":5,"3":5,"4":0,"5":5,"6":3,"7":3,"8":3,"9":3,"10":3,"11":3,"12":3,"13":3,"14":0,"15":0,"16":0,"17":3,"18":3,"19":3,"20":0,"21":0,"22":3,"23":0,"24":3,"25":3,"26":3,"27":3,"28":1,"29":3,"30":3,"31":3,"32":3,"33":5,"34":1,"35":1,"36":1,"37":1,"38":1,"39":1,"40":1,"41":0,"42":1,"43":1,"44":0,"45":0,"46":0,"47":0,"48":0,"49":0,"50":0,"51":2,"52":2,"53":2,"54":2,"55":2,"56":1,"57":1,"58":1,"59":1,"60":2,"61":2,"62":2,"63":0,"64":0,"65":0,"66":1,"67":2,"68":2},"f":{"0":5,"1":0,"2":3,"3":0,"4":0,"5":1,"6":1,"7":1,"8":1,"9":0,"10":0,"11":0,"12":2,"13":2,"14":1,"15":0,"16":2},"b":{"0":[1,1],"1":[0,3],"2":[0,0],"3":[2,0],"4":[1,0],"5":[2,0]},"_coverageSchema":"1a1c01bbd47fc00a2c39e90264f33305004495a9","hash":"5577ab624dde891c2639d33e5935cdf4bca485ec"}
}
