TN:
SF:src\clearAll.js
FN:1,toggleTaskCompletion
FN:2,(anonymous_1)
FN:9,clearCompletedTasks
FN:10,(anonymous_3)
FNF:4
FNH:0
FNDA:0,toggleTaskCompletion
FNDA:0,(anonymous_1)
FNDA:0,clearCompletedTasks
FNDA:0,(anonymous_3)
DA:2,0
DA:3,0
DA:4,0
DA:6,0
DA:10,0
DA:11,0
LF:6
LH:0
BRDA:3,0,0,0
BRDA:3,0,1,0
BRF:2
BRH:0
end_of_record
TN:
SF:src\drag&Drop.js
FN:1,addDragAndDropEvents
FN:4,(anonymous_1)
FN:11,(anonymous_2)
FN:20,(anonymous_3)
FN:29,(anonymous_4)
FN:30,(anonymous_5)
FN:41,(anonymous_6)
FNF:7
FNH:1
FNDA:5,addDragAndDropEvents
FNDA:0,(anonymous_1)
FNDA:0,(anonymous_2)
FNDA:0,(anonymous_3)
FNDA:0,(anonymous_4)
FNDA:0,(anonymous_5)
FNDA:0,(anonymous_6)
DA:3,5
DA:4,5
DA:5,0
DA:6,0
DA:7,0
DA:11,5
DA:12,0
DA:13,0
DA:14,0
DA:15,0
DA:20,5
DA:21,0
DA:23,0
DA:24,0
DA:25,0
DA:27,0
DA:29,0
DA:30,0
DA:32,0
DA:33,0
DA:35,0
DA:38,0
DA:41,0
DA:42,0
DA:46,0
DA:47,0
DA:51,0
DA:52,0
DA:54,0
DA:55,0
DA:56,0
LF:31
LH:4
BRDA:5,0,0,0
BRDA:5,0,1,0
BRDA:14,1,0,0
BRDA:14,1,1,0
BRDA:14,2,0,0
BRDA:14,2,1,0
BRDA:24,3,0,0
BRDA:24,3,1,0
BRDA:24,4,0,0
BRDA:24,4,1,0
BRDA:27,5,0,0
BRDA:27,5,1,0
BRDA:51,6,0,0
BRDA:51,6,1,0
BRDA:55,7,0,0
BRDA:55,7,1,0
BRF:16
BRH:0
end_of_record
TN:
SF:src\index.js
FN:7,renderTasks
FN:11,(anonymous_1)
FN:13,(anonymous_2)
FN:22,(anonymous_3)
FN:36,(anonymous_4)
FN:41,(anonymous_5)
FN:53,addTask
FN:65,deleteTask
FN:66,(anonymous_8)
FN:68,(anonymous_9)
FN:76,editTaskDescription
FN:77,(anonymous_11)
FN:86,saveTasks
FN:90,setupEventListeners
FN:95,(anonymous_14)
FN:106,(anonymous_15)
FN:114,(anonymous_16)
FNF:17
FNH:10
FNDA:5,renderTasks
FNDA:0,(anonymous_1)
FNDA:3,(anonymous_2)
FNDA:0,(anonymous_3)
FNDA:0,(anonymous_4)
FNDA:1,(anonymous_5)
FNDA:1,addTask
FNDA:1,deleteTask
FNDA:1,(anonymous_8)
FNDA:0,(anonymous_9)
FNDA:0,editTaskDescription
FNDA:0,(anonymous_11)
FNDA:2,saveTasks
FNDA:2,setupEventListeners
FNDA:1,(anonymous_14)
FNDA:0,(anonymous_15)
FNDA:2,(anonymous_16)
DA:5,1
DA:8,5
DA:9,5
DA:11,5
DA:13,5
DA:14,3
DA:15,3
DA:16,3
DA:17,3
DA:19,3
DA:20,3
DA:21,3
DA:22,3
DA:23,0
DA:24,0
DA:25,0
DA:28,3
DA:29,3
DA:31,3
DA:32,0
DA:33,0
DA:36,3
DA:38,3
DA:39,3
DA:40,3
DA:41,3
DA:43,3
DA:44,3
DA:45,3
DA:47,3
DA:50,5
DA:54,1
DA:60,1
DA:61,1
DA:62,1
DA:66,1
DA:68,1
DA:69,0
DA:72,1
DA:73,1
DA:77,0
DA:78,0
DA:79,0
DA:80,0
DA:81,0
DA:82,0
DA:87,2
DA:91,2
DA:92,2
DA:94,2
DA:95,2
DA:96,1
DA:97,1
DA:98,1
DA:99,1
DA:104,2
DA:105,2
DA:106,2
DA:107,0
DA:108,0
DA:109,0
DA:114,1
DA:115,2
DA:116,2
LF:64
LH:49
BRDA:5,0,0,1
BRDA:5,0,1,1
BRDA:31,1,0,0
BRDA:31,1,1,3
BRDA:79,2,0,0
BRDA:79,2,1,0
BRDA:94,3,0,2
BRDA:94,3,1,0
BRDA:97,4,0,1
BRDA:97,4,1,0
BRDA:105,5,0,2
BRDA:105,5,1,0
BRF:12
BRH:6
end_of_record
